<?xml version="1.0" encoding="UTF-8"?>
<!-- Generated by org.testng.reporters.JUnitXMLReporter -->
<testsuite hostname="aa028" ignored="0" name="Default test" tests="2" failures="0" timestamp="28 七月 2018 01:51:51 GMT" time="0.04" errors="0">
  <testcase name="@BeforeSuite BeforeSuite" time="0.018" classname="com.utils.TestBase">
    <failure type="java.lang.IllegalStateException" message="The driver executable does not exist: D:\Selenium\Selenium_Java\20180722\Selenium-Java\SeleniumJavaDay2\ieDriverPath">
      <![CDATA[java.lang.IllegalStateException: The driver executable does not exist: D:\Selenium\Selenium_Java\20180722\Selenium-Java\SeleniumJavaDay2\ieDriverPath
at com.google.common.base.Preconditions.checkState(Preconditions.java:585)
at org.openqa.selenium.remote.service.DriverService.checkExecutable(DriverService.java:137)
at org.openqa.selenium.remote.service.DriverService$Builder.usingDriverExecutable(DriverService.java:272)
at com.utils.DriverUtils2.initService(DriverUtils2.java:44)
at com.utils.TestBase.BeforeSuite(TestBase.java:14)
at sun.reflect.NativeMethodAccessorImpl.invoke0(Native Method)
at sun.reflect.NativeMethodAccessorImpl.invoke(Unknown Source)
at sun.reflect.DelegatingMethodAccessorImpl.invoke(Unknown Source)
at java.lang.reflect.Method.invoke(Unknown Source)
at org.testng.internal.MethodInvocationHelper.invokeMethod(MethodInvocationHelper.java:124)
at org.testng.internal.MethodInvocationHelper.invokeMethodConsideringTimeout(MethodInvocationHelper.java:59)
at org.testng.internal.Invoker.invokeConfigurationMethod(Invoker.java:458)
at org.testng.internal.Invoker.invokeConfigurations(Invoker.java:222)
at org.testng.internal.Invoker.invokeConfigurations(Invoker.java:142)
at org.testng.SuiteRunner.privateRun(SuiteRunner.java:401)
at org.testng.SuiteRunner.run(SuiteRunner.java:364)
at org.testng.SuiteRunnerWorker.runSuite(SuiteRunnerWorker.java:52)
at org.testng.SuiteRunnerWorker.run(SuiteRunnerWorker.java:84)
at org.testng.TestNG.runSuitesSequentially(TestNG.java:1208)
at org.testng.TestNG.runSuitesLocally(TestNG.java:1137)
at org.testng.TestNG.runSuites(TestNG.java:1049)
at org.testng.TestNG.run(TestNG.java:1017)
at org.testng.remote.AbstractRemoteTestNG.run(AbstractRemoteTestNG.java:114)
at org.testng.remote.RemoteTestNG.initAndRun(RemoteTestNG.java:251)
at org.testng.remote.RemoteTestNG.main(RemoteTestNG.java:77)
]]>
    </failure>
  </testcase> <!-- @BeforeSuite BeforeSuite -->
  <testcase name="@BeforeMethod beforeMethod" time="0.0" classname="com.utils.TestBase">
    <skipped/>
  </testcase> <!-- @BeforeMethod beforeMethod -->
  <testcase name="@AfterMethod AfterMethod" time="0.0" classname="com.utils.TestBase">
    <skipped/>
  </testcase> <!-- @AfterMethod AfterMethod -->
  <testcase name="@BeforeMethod beforeMethod" time="0.0" classname="com.utils.TestBase">
    <skipped/>
  </testcase> <!-- @BeforeMethod beforeMethod -->
  <testcase name="@AfterMethod AfterMethod" time="0.0" classname="com.utils.TestBase">
    <skipped/>
  </testcase> <!-- @AfterMethod AfterMethod -->
  <testcase name="test" time="0.0" classname="com.selenium.pageObject.test.TestIndexPage">
    <skipped/>
  </testcase> <!-- test -->
  <testcase name="test" time="0.0" classname="com.selenium.pageObject.test.TestIndexPage">
    <skipped/>
  </testcase> <!-- test -->
</testsuite> <!-- Default test -->
